<?xml version="1.0" encoding="UTF-8"?>
<!-- Generated by org.testng.reporters.JUnitXMLReporter -->
<testsuite hostname="ALPS-PSO4L" name="Default test" tests="5" failures="0" timestamp="18 Aug 2016 07:23:06 GMT" time="1.823" errors="0">
  <testcase name="execute" time="0.337" classname="com.restWebService.TestProjects"/>
  <testcase name="generateReport" time="0.979" classname="com.restWebService.TestProjects"/>
  <testcase name="testProjectPost" time="0.003" classname="com.restWebService.TestProjects">
    <skipped/>
  </testcase> <!-- testProjectPost -->
  <testcase name="testProjectGet" time="0.0" classname="com.restWebService.TestProjects">
    <skipped/>
  </testcase> <!-- testProjectGet -->
  <testcase name="testProjectDelete" time="0.0" classname="com.restWebService.TestProjects">
    <skipped/>
  </testcase> <!-- testProjectDelete -->
</testsuite> <!-- Default test -->
