<?xml version="1.0" encoding="UTF-8"?>
<!-- Generated by org.testng.reporters.JUnitXMLReporter -->
<testsuite hostname="ALPS-PSO4L" name="TestSuite1" tests="16" failures="16" timestamp="8 Sep 2016 08:53:20 GMT" time="0.117" errors="0">
  <testcase name="testProjectPost" time="0.004" classname="com.test.TestProject">
    <failure type="java.lang.ArrayIndexOutOfBoundsException" message="1">
      <![CDATA[java.lang.ArrayIndexOutOfBoundsException: 1
	at com.test.TestProject.testProjectPost(TestProject.java:35)
	at org.apache.maven.surefire.testng.TestNGExecutor.run(TestNGExecutor.java:178)
	at org.apache.maven.surefire.testng.TestNGXmlTestSuite.execute(TestNGXmlTestSuite.java:92)
	at org.apache.maven.surefire.testng.TestNGProvider.invoke(TestNGProvider.java:96)
	at org.apache.maven.surefire.util.ReflectionUtils.invokeMethodWithArray2(ReflectionUtils.java:208)
	at org.apache.maven.surefire.booter.ProviderFactory$ProviderProxy.invoke(ProviderFactory.java:159)
	at org.apache.maven.surefire.booter.ProviderFactory.invokeProvider(ProviderFactory.java:87)
	at org.apache.maven.surefire.booter.ForkedBooter.runSuitesInProcess(ForkedBooter.java:153)
	at org.apache.maven.surefire.booter.ForkedBooter.main(ForkedBooter.java:95)
... Removed 25 stack frames]]>
    </failure>
  </testcase> <!-- testProjectPost -->
  <testcase name="testProjectGet" time="0.006" classname="com.test.TestProject">
    <failure type="java.lang.ExceptionInInitializerError">
      <![CDATA[java.lang.ExceptionInInitializerError
	at com.test.TestProject.testProjectGet(TestProject.java:62)
	at org.apache.maven.surefire.testng.TestNGExecutor.run(TestNGExecutor.java:178)
	at org.apache.maven.surefire.testng.TestNGXmlTestSuite.execute(TestNGXmlTestSuite.java:92)
	at org.apache.maven.surefire.testng.TestNGProvider.invoke(TestNGProvider.java:96)
	at org.apache.maven.surefire.util.ReflectionUtils.invokeMethodWithArray2(ReflectionUtils.java:208)
	at org.apache.maven.surefire.booter.ProviderFactory$ProviderProxy.invoke(ProviderFactory.java:159)
	at org.apache.maven.surefire.booter.ProviderFactory.invokeProvider(ProviderFactory.java:87)
	at org.apache.maven.surefire.booter.ForkedBooter.runSuitesInProcess(ForkedBooter.java:153)
	at org.apache.maven.surefire.booter.ForkedBooter.main(ForkedBooter.java:95)
Caused by: java.lang.NullPointerException
	at com.utility.RestWebService.<clinit>(RestWebService.java:26)
	... 34 more
... Removed 25 stack frames]]>
    </failure>
  </testcase> <!-- testProjectGet -->
  <testcase name="testProjectPut" time="0.001" classname="com.test.TestProject">
    <failure type="java.lang.ArrayIndexOutOfBoundsException" message="2">
      <![CDATA[java.lang.ArrayIndexOutOfBoundsException: 2
	at com.test.TestProject.testProjectPut(TestProject.java:85)
	at org.apache.maven.surefire.testng.TestNGExecutor.run(TestNGExecutor.java:178)
	at org.apache.maven.surefire.testng.TestNGXmlTestSuite.execute(TestNGXmlTestSuite.java:92)
	at org.apache.maven.surefire.testng.TestNGProvider.invoke(TestNGProvider.java:96)
	at org.apache.maven.surefire.util.ReflectionUtils.invokeMethodWithArray2(ReflectionUtils.java:208)
	at org.apache.maven.surefire.booter.ProviderFactory$ProviderProxy.invoke(ProviderFactory.java:159)
	at org.apache.maven.surefire.booter.ProviderFactory.invokeProvider(ProviderFactory.java:87)
	at org.apache.maven.surefire.booter.ForkedBooter.runSuitesInProcess(ForkedBooter.java:153)
	at org.apache.maven.surefire.booter.ForkedBooter.main(ForkedBooter.java:95)
... Removed 25 stack frames]]>
    </failure>
  </testcase> <!-- testProjectPut -->
  <testcase name="testProjectDelete" time="0.001" classname="com.test.TestProject">
    <failure type="java.lang.NoClassDefFoundError" message="Could not initialize class com.utility.RestWebService">
      <![CDATA[java.lang.NoClassDefFoundError: Could not initialize class com.utility.RestWebService
	at com.test.TestProject.testProjectDelete(TestProject.java:110)
	at org.apache.maven.surefire.testng.TestNGExecutor.run(TestNGExecutor.java:178)
	at org.apache.maven.surefire.testng.TestNGXmlTestSuite.execute(TestNGXmlTestSuite.java:92)
	at org.apache.maven.surefire.testng.TestNGProvider.invoke(TestNGProvider.java:96)
	at org.apache.maven.surefire.util.ReflectionUtils.invokeMethodWithArray2(ReflectionUtils.java:208)
	at org.apache.maven.surefire.booter.ProviderFactory$ProviderProxy.invoke(ProviderFactory.java:159)
	at org.apache.maven.surefire.booter.ProviderFactory.invokeProvider(ProviderFactory.java:87)
	at org.apache.maven.surefire.booter.ForkedBooter.runSuitesInProcess(ForkedBooter.java:153)
	at org.apache.maven.surefire.booter.ForkedBooter.main(ForkedBooter.java:95)
... Removed 25 stack frames]]>
    </failure>
  </testcase> <!-- testProjectDelete -->
  <testcase name="testAppointmentPost" time="0.001" classname="com.test.TestAppointment">
    <failure type="java.lang.ArrayIndexOutOfBoundsException" message="7">
      <![CDATA[java.lang.ArrayIndexOutOfBoundsException: 7
	at com.test.TestAppointment.testAppointmentPost(TestAppointment.java:40)
	at org.apache.maven.surefire.testng.TestNGExecutor.run(TestNGExecutor.java:178)
	at org.apache.maven.surefire.testng.TestNGXmlTestSuite.execute(TestNGXmlTestSuite.java:92)
	at org.apache.maven.surefire.testng.TestNGProvider.invoke(TestNGProvider.java:96)
	at org.apache.maven.surefire.util.ReflectionUtils.invokeMethodWithArray2(ReflectionUtils.java:208)
	at org.apache.maven.surefire.booter.ProviderFactory$ProviderProxy.invoke(ProviderFactory.java:159)
	at org.apache.maven.surefire.booter.ProviderFactory.invokeProvider(ProviderFactory.java:87)
	at org.apache.maven.surefire.booter.ForkedBooter.runSuitesInProcess(ForkedBooter.java:153)
	at org.apache.maven.surefire.booter.ForkedBooter.main(ForkedBooter.java:95)
... Removed 25 stack frames]]>
    </failure>
  </testcase> <!-- testAppointmentPost -->
  <testcase name="testAppointmentGet" time="0.001" classname="com.test.TestAppointment">
    <failure type="java.lang.NoClassDefFoundError" message="Could not initialize class com.utility.RestWebService">
      <![CDATA[java.lang.NoClassDefFoundError: Could not initialize class com.utility.RestWebService
	at com.test.TestAppointment.testAppointmentGet(TestAppointment.java:72)
	at org.apache.maven.surefire.testng.TestNGExecutor.run(TestNGExecutor.java:178)
	at org.apache.maven.surefire.testng.TestNGXmlTestSuite.execute(TestNGXmlTestSuite.java:92)
	at org.apache.maven.surefire.testng.TestNGProvider.invoke(TestNGProvider.java:96)
	at org.apache.maven.surefire.util.ReflectionUtils.invokeMethodWithArray2(ReflectionUtils.java:208)
	at org.apache.maven.surefire.booter.ProviderFactory$ProviderProxy.invoke(ProviderFactory.java:159)
	at org.apache.maven.surefire.booter.ProviderFactory.invokeProvider(ProviderFactory.java:87)
	at org.apache.maven.surefire.booter.ForkedBooter.runSuitesInProcess(ForkedBooter.java:153)
	at org.apache.maven.surefire.booter.ForkedBooter.main(ForkedBooter.java:95)
... Removed 25 stack frames]]>
    </failure>
  </testcase> <!-- testAppointmentGet -->
  <testcase name="testAppointmentPut" time="0.0" classname="com.test.TestAppointment">
    <failure type="java.lang.ArrayIndexOutOfBoundsException" message="5">
      <![CDATA[java.lang.ArrayIndexOutOfBoundsException: 5
	at com.test.TestAppointment.testAppointmentPut(TestAppointment.java:100)
	at org.apache.maven.surefire.testng.TestNGExecutor.run(TestNGExecutor.java:178)
	at org.apache.maven.surefire.testng.TestNGXmlTestSuite.execute(TestNGXmlTestSuite.java:92)
	at org.apache.maven.surefire.testng.TestNGProvider.invoke(TestNGProvider.java:96)
	at org.apache.maven.surefire.util.ReflectionUtils.invokeMethodWithArray2(ReflectionUtils.java:208)
	at org.apache.maven.surefire.booter.ProviderFactory$ProviderProxy.invoke(ProviderFactory.java:159)
	at org.apache.maven.surefire.booter.ProviderFactory.invokeProvider(ProviderFactory.java:87)
	at org.apache.maven.surefire.booter.ForkedBooter.runSuitesInProcess(ForkedBooter.java:153)
	at org.apache.maven.surefire.booter.ForkedBooter.main(ForkedBooter.java:95)
... Removed 25 stack frames]]>
    </failure>
  </testcase> <!-- testAppointmentPut -->
  <testcase name="testAppointmentDelete" time="0.001" classname="com.test.TestAppointment">
    <failure type="java.lang.NoClassDefFoundError" message="Could not initialize class com.utility.RestWebService">
      <![CDATA[java.lang.NoClassDefFoundError: Could not initialize class com.utility.RestWebService
	at com.test.TestAppointment.testAppointmentDelete(TestAppointment.java:124)
	at org.apache.maven.surefire.testng.TestNGExecutor.run(TestNGExecutor.java:178)
	at org.apache.maven.surefire.testng.TestNGXmlTestSuite.execute(TestNGXmlTestSuite.java:92)
	at org.apache.maven.surefire.testng.TestNGProvider.invoke(TestNGProvider.java:96)
	at org.apache.maven.surefire.util.ReflectionUtils.invokeMethodWithArray2(ReflectionUtils.java:208)
	at org.apache.maven.surefire.booter.ProviderFactory$ProviderProxy.invoke(ProviderFactory.java:159)
	at org.apache.maven.surefire.booter.ProviderFactory.invokeProvider(ProviderFactory.java:87)
	at org.apache.maven.surefire.booter.ForkedBooter.runSuitesInProcess(ForkedBooter.java:153)
	at org.apache.maven.surefire.booter.ForkedBooter.main(ForkedBooter.java:95)
... Removed 25 stack frames]]>
    </failure>
  </testcase> <!-- testAppointmentDelete -->
  <testcase name="testTaskPost" time="0.0" classname="com.test.TestTask">
    <failure type="java.lang.ArrayIndexOutOfBoundsException" message="8">
      <![CDATA[java.lang.ArrayIndexOutOfBoundsException: 8
	at com.test.TestTask.testTaskPost(TestTask.java:28)
	at org.apache.maven.surefire.testng.TestNGExecutor.run(TestNGExecutor.java:178)
	at org.apache.maven.surefire.testng.TestNGXmlTestSuite.execute(TestNGXmlTestSuite.java:92)
	at org.apache.maven.surefire.testng.TestNGProvider.invoke(TestNGProvider.java:96)
	at org.apache.maven.surefire.util.ReflectionUtils.invokeMethodWithArray2(ReflectionUtils.java:208)
	at org.apache.maven.surefire.booter.ProviderFactory$ProviderProxy.invoke(ProviderFactory.java:159)
	at org.apache.maven.surefire.booter.ProviderFactory.invokeProvider(ProviderFactory.java:87)
	at org.apache.maven.surefire.booter.ForkedBooter.runSuitesInProcess(ForkedBooter.java:153)
	at org.apache.maven.surefire.booter.ForkedBooter.main(ForkedBooter.java:95)
... Removed 25 stack frames]]>
    </failure>
  </testcase> <!-- testTaskPost -->
  <testcase name="testTaskGet" time="0.001" classname="com.test.TestTask">
    <failure type="java.lang.NoClassDefFoundError" message="Could not initialize class com.utility.RestWebService">
      <![CDATA[java.lang.NoClassDefFoundError: Could not initialize class com.utility.RestWebService
	at com.test.TestTask.testTaskGet(TestTask.java:53)
	at org.apache.maven.surefire.testng.TestNGExecutor.run(TestNGExecutor.java:178)
	at org.apache.maven.surefire.testng.TestNGXmlTestSuite.execute(TestNGXmlTestSuite.java:92)
	at org.apache.maven.surefire.testng.TestNGProvider.invoke(TestNGProvider.java:96)
	at org.apache.maven.surefire.util.ReflectionUtils.invokeMethodWithArray2(ReflectionUtils.java:208)
	at org.apache.maven.surefire.booter.ProviderFactory$ProviderProxy.invoke(ProviderFactory.java:159)
	at org.apache.maven.surefire.booter.ProviderFactory.invokeProvider(ProviderFactory.java:87)
	at org.apache.maven.surefire.booter.ForkedBooter.runSuitesInProcess(ForkedBooter.java:153)
	at org.apache.maven.surefire.booter.ForkedBooter.main(ForkedBooter.java:95)
... Removed 25 stack frames]]>
    </failure>
  </testcase> <!-- testTaskGet -->
  <testcase name="testTaskPut" time="0.0" classname="com.test.TestTask">
    <failure type="java.lang.ArrayIndexOutOfBoundsException" message="9">
      <![CDATA[java.lang.ArrayIndexOutOfBoundsException: 9
	at com.test.TestTask.testTaskPut(TestTask.java:74)
	at org.apache.maven.surefire.testng.TestNGExecutor.run(TestNGExecutor.java:178)
	at org.apache.maven.surefire.testng.TestNGXmlTestSuite.execute(TestNGXmlTestSuite.java:92)
	at org.apache.maven.surefire.testng.TestNGProvider.invoke(TestNGProvider.java:96)
	at org.apache.maven.surefire.util.ReflectionUtils.invokeMethodWithArray2(ReflectionUtils.java:208)
	at org.apache.maven.surefire.booter.ProviderFactory$ProviderProxy.invoke(ProviderFactory.java:159)
	at org.apache.maven.surefire.booter.ProviderFactory.invokeProvider(ProviderFactory.java:87)
	at org.apache.maven.surefire.booter.ForkedBooter.runSuitesInProcess(ForkedBooter.java:153)
	at org.apache.maven.surefire.booter.ForkedBooter.main(ForkedBooter.java:95)
... Removed 25 stack frames]]>
    </failure>
  </testcase> <!-- testTaskPut -->
  <testcase name="testTaskDelete" time="0.0" classname="com.test.TestTask">
    <failure type="java.lang.NoClassDefFoundError" message="Could not initialize class com.utility.RestWebService">
      <![CDATA[java.lang.NoClassDefFoundError: Could not initialize class com.utility.RestWebService
	at com.test.TestTask.testTaskDelete(TestTask.java:99)
	at org.apache.maven.surefire.testng.TestNGExecutor.run(TestNGExecutor.java:178)
	at org.apache.maven.surefire.testng.TestNGXmlTestSuite.execute(TestNGXmlTestSuite.java:92)
	at org.apache.maven.surefire.testng.TestNGProvider.invoke(TestNGProvider.java:96)
	at org.apache.maven.surefire.util.ReflectionUtils.invokeMethodWithArray2(ReflectionUtils.java:208)
	at org.apache.maven.surefire.booter.ProviderFactory$ProviderProxy.invoke(ProviderFactory.java:159)
	at org.apache.maven.surefire.booter.ProviderFactory.invokeProvider(ProviderFactory.java:87)
	at org.apache.maven.surefire.booter.ForkedBooter.runSuitesInProcess(ForkedBooter.java:153)
	at org.apache.maven.surefire.booter.ForkedBooter.main(ForkedBooter.java:95)
... Removed 25 stack frames]]>
    </failure>
  </testcase> <!-- testTaskDelete -->
  <testcase name="testDocumentPost" time="0.001" classname="com.test.TestDocument">
    <failure type="java.lang.ArrayIndexOutOfBoundsException" message="10">
      <![CDATA[java.lang.ArrayIndexOutOfBoundsException: 10
	at com.test.TestDocument.testDocumentPost(TestDocument.java:37)
	at org.apache.maven.surefire.testng.TestNGExecutor.run(TestNGExecutor.java:178)
	at org.apache.maven.surefire.testng.TestNGXmlTestSuite.execute(TestNGXmlTestSuite.java:92)
	at org.apache.maven.surefire.testng.TestNGProvider.invoke(TestNGProvider.java:96)
	at org.apache.maven.surefire.util.ReflectionUtils.invokeMethodWithArray2(ReflectionUtils.java:208)
	at org.apache.maven.surefire.booter.ProviderFactory$ProviderProxy.invoke(ProviderFactory.java:159)
	at org.apache.maven.surefire.booter.ProviderFactory.invokeProvider(ProviderFactory.java:87)
	at org.apache.maven.surefire.booter.ForkedBooter.runSuitesInProcess(ForkedBooter.java:153)
	at org.apache.maven.surefire.booter.ForkedBooter.main(ForkedBooter.java:95)
... Removed 25 stack frames]]>
    </failure>
  </testcase> <!-- testDocumentPost -->
  <testcase name="testDocumentGet" time="0.003" classname="com.test.TestDocument">
    <failure type="java.lang.NoClassDefFoundError" message="Could not initialize class com.utility.RestWebService">
      <![CDATA[java.lang.NoClassDefFoundError: Could not initialize class com.utility.RestWebService
	at com.test.TestDocument.testDocumentGet(TestDocument.java:65)
	at org.apache.maven.surefire.testng.TestNGExecutor.run(TestNGExecutor.java:178)
	at org.apache.maven.surefire.testng.TestNGXmlTestSuite.execute(TestNGXmlTestSuite.java:92)
	at org.apache.maven.surefire.testng.TestNGProvider.invoke(TestNGProvider.java:96)
	at org.apache.maven.surefire.util.ReflectionUtils.invokeMethodWithArray2(ReflectionUtils.java:208)
	at org.apache.maven.surefire.booter.ProviderFactory$ProviderProxy.invoke(ProviderFactory.java:159)
	at org.apache.maven.surefire.booter.ProviderFactory.invokeProvider(ProviderFactory.java:87)
	at org.apache.maven.surefire.booter.ForkedBooter.runSuitesInProcess(ForkedBooter.java:153)
	at org.apache.maven.surefire.booter.ForkedBooter.main(ForkedBooter.java:95)
... Removed 25 stack frames]]>
    </failure>
  </testcase> <!-- testDocumentGet -->
  <testcase name="testDocumentPut" time="0.0" classname="com.test.TestDocument">
    <failure type="java.lang.ArrayIndexOutOfBoundsException" message="12">
      <![CDATA[java.lang.ArrayIndexOutOfBoundsException: 12
	at com.test.TestDocument.testDocumentPut(TestDocument.java:84)
	at org.apache.maven.surefire.testng.TestNGExecutor.run(TestNGExecutor.java:178)
	at org.apache.maven.surefire.testng.TestNGXmlTestSuite.execute(TestNGXmlTestSuite.java:92)
	at org.apache.maven.surefire.testng.TestNGProvider.invoke(TestNGProvider.java:96)
	at org.apache.maven.surefire.util.ReflectionUtils.invokeMethodWithArray2(ReflectionUtils.java:208)
	at org.apache.maven.surefire.booter.ProviderFactory$ProviderProxy.invoke(ProviderFactory.java:159)
	at org.apache.maven.surefire.booter.ProviderFactory.invokeProvider(ProviderFactory.java:87)
	at org.apache.maven.surefire.booter.ForkedBooter.runSuitesInProcess(ForkedBooter.java:153)
	at org.apache.maven.surefire.booter.ForkedBooter.main(ForkedBooter.java:95)
... Removed 25 stack frames]]>
    </failure>
  </testcase> <!-- testDocumentPut -->
  <testcase name="testDocumentDelete" time="0.0" classname="com.test.TestDocument">
    <failure type="java.lang.NoClassDefFoundError" message="Could not initialize class com.utility.RestWebService">
      <![CDATA[java.lang.NoClassDefFoundError: Could not initialize class com.utility.RestWebService
	at com.test.TestDocument.testDocumentDelete(TestDocument.java:109)
	at org.apache.maven.surefire.testng.TestNGExecutor.run(TestNGExecutor.java:178)
	at org.apache.maven.surefire.testng.TestNGXmlTestSuite.execute(TestNGXmlTestSuite.java:92)
	at org.apache.maven.surefire.testng.TestNGProvider.invoke(TestNGProvider.java:96)
	at org.apache.maven.surefire.util.ReflectionUtils.invokeMethodWithArray2(ReflectionUtils.java:208)
	at org.apache.maven.surefire.booter.ProviderFactory$ProviderProxy.invoke(ProviderFactory.java:159)
	at org.apache.maven.surefire.booter.ProviderFactory.invokeProvider(ProviderFactory.java:87)
	at org.apache.maven.surefire.booter.ForkedBooter.runSuitesInProcess(ForkedBooter.java:153)
	at org.apache.maven.surefire.booter.ForkedBooter.main(ForkedBooter.java:95)
... Removed 25 stack frames]]>
    </failure>
  </testcase> <!-- testDocumentDelete -->
</testsuite> <!-- TestSuite1 -->
