<?xml version="1.0" encoding="UTF-8"?>
<!-- Generated by org.testng.reporters.JUnitXMLReporter -->
<testsuite hostname="VERTEX-DEV3" name="TestSuite" tests="24" failures="4" timestamp="9 May 2014 04:21:54 GMT" time="29.487" errors="0">
  <testcase name="getSecureToken" time="1.95" classname="com.test.TestSecureToken"/>
  <testcase name="createFolderScript" time="0.733" classname="com.test.TestFolders"/>
  <testcase name="getInformationAboutFolderScript" time="0.515" classname="com.test.TestFolders"/>
  <testcase name="updateInformationAboutFolderScript" time="0.53" classname="com.test.TestFolders"/>
  <testcase name="createCopyFolderScript" time="0.593" classname="com.test.TestFolders"/>
  <testcase name="moveFolderScript" time="0.593" classname="com.test.TestFolders"/>
  <testcase name="retriveFolderItemScript" time="0.483" classname="com.test.TestFolders"/>
  <testcase name="deleteCopyFolderScript" time="0.656" classname="com.test.TestFolders"/>
  <testcase name="restoreCopyFolderScript" time="0.639" classname="com.test.TestFolders"/>
  <testcase name="sharedLinkForFolderScript" time="0.718" classname="com.test.TestFolders"/>
  <testcase name="notSharedForFolderScript" time="0.608" classname="com.test.TestFolders"/>
  <testcase name="getTrashItems" time="0.499" classname="com.test.TestFolders"/>
  <testcase name="createGroupScript" time="0.484" classname="com.test.TestGroup"/>
  <testcase name="updateGroupScript" time="0.53" classname="com.test.TestGroup"/>
  <testcase name="addCollaboration" time="0.734" classname="com.test.TestCollaboration"/>
  <testcase name="editCollaboration" time="0.546" classname="com.test.TestCollaboration"/>
  <testcase name="retrieveCollaboration" time="0.468" classname="com.test.TestCollaboration"/>
  <testcase name="deleteCollaboration" time="0.515" classname="com.test.TestCollaboration"/>
  <testcase name="cleanUpTest" time="2.215" classname="com.test.TestCollaboration"/>
  <testcase name="addComment" time="0.468" classname="com.test.TestComments">
    <failure type="java.io.FileNotFoundException" message="https://api.box.com/2.0/comments">
      <![CDATA[java.io.FileNotFoundException: https://api.box.com/2.0/comments
	at sun.net.www.protocol.http.HttpURLConnection.getInputStream(Unknown Source)
	at sun.net.www.protocol.https.HttpsURLConnectionImpl.getInputStream(Unknown Source)
	at com.connection.ConnectionProvider.getJSONResponse(ConnectionProvider.java:92)
	at com.connection.ConnectionProvider.getJSONResponse(ConnectionProvider.java:137)
	at com.test.TestComments.addComment(TestComments.java:48)
	at execution.Execution.execute(Execution.java:59)
	at execution.ExecuteSuite.main(ExecuteSuite.java:12)
... Removed 21 stack frames]]>
    </failure>
  </testcase> <!-- addComment -->
  <testcase name="updateCommentMessage" time="1.327" classname="com.test.TestComments">
    <failure type="java.io.IOException" message="Server returned HTTP response code: 405 for URL: https://api.box.com/2.0/comments/null">
      <![CDATA[java.io.IOException: Server returned HTTP response code: 405 for URL: https://api.box.com/2.0/comments/null
	at sun.net.www.protocol.http.HttpURLConnection.getInputStream(Unknown Source)
	at sun.net.www.protocol.https.HttpsURLConnectionImpl.getInputStream(Unknown Source)
	at com.connection.ConnectionProvider.getJSONResponse(ConnectionProvider.java:92)
	at com.connection.ConnectionProvider.getJSONResponse(ConnectionProvider.java:137)
	at com.test.TestComments.updateCommentMessage(TestComments.java:99)
	at execution.Execution.execute(Execution.java:59)
	at execution.ExecuteSuite.main(ExecuteSuite.java:12)
... Removed 21 stack frames]]>
    </failure>
  </testcase> <!-- updateCommentMessage -->
  <testcase name="getInformationAboutComment" time="0.0" classname="com.test.TestComments">
    <failure type="java.lang.AssertionError" message="Comment id is required">
      <![CDATA[java.lang.AssertionError: Comment id is required
	at com.test.TestComments.getInformationAboutComment(TestComments.java:130)
	at execution.Execution.execute(Execution.java:59)
	at execution.ExecuteSuite.main(ExecuteSuite.java:12)
... Removed 21 stack frames]]>
    </failure>
  </testcase> <!-- getInformationAboutComment -->
  <testcase name="deleteCommentWithId" time="0.0" classname="com.test.TestComments">
    <failure type="java.lang.AssertionError" message="Comment id is required">
      <![CDATA[java.lang.AssertionError: Comment id is required
	at com.test.TestComments.deleteCommentWithId(TestComments.java:160)
	at execution.Execution.execute(Execution.java:59)
	at execution.ExecuteSuite.main(ExecuteSuite.java:12)
... Removed 21 stack frames]]>
    </failure>
  </testcase> <!-- deleteCommentWithId -->
  <testcase name="searchScript" time="2.059" classname="com.test.TestSearch"/>
</testsuite> <!-- TestSuite -->
