<?xml version="1.0" encoding="UTF-8"?>
<!-- Generated by org.testng.reporters.JUnitXMLReporter -->
<testsuite hostname="ALPS-PSO4L" name="TestSuite1" tests="16" failures="3" timestamp="22 Sep 2016 06:31:28 GMT" time="1.744" errors="0">
  <testcase name="testProjectPost" time="0.476" classname="com.test.TestProject"/>
  <testcase name="testProjectGet" time="0.069" classname="com.test.TestProject">
    <failure type="java.lang.AssertionError" message="Getting Projects details failed.... expected [DISP-000219] but found [Rest Project]">
      <![CDATA[java.lang.AssertionError: Getting Projects details failed.... expected [DISP-000219] but found [Rest Project]
	at com.test.TestProject.testProjectGet(TestProject.java:97)
	at execution.Execution.execute(Execution.java:55)
	at execution.ExecuteSuite.main(ExecuteSuite.java:10)
... Removed 25 stack frames]]>
    </failure>
  </testcase> <!-- testProjectGet -->
  <testcase name="testProjectPut" time="0.102" classname="com.test.TestProject"/>
  <testcase name="testProjectDelete" time="0.353" classname="com.test.TestProject"/>
  <testcase name="testAppointmentPost" time="0.097" classname="com.test.TestAppointment"/>
  <testcase name="testAppointmentGet" time="0.035" classname="com.test.TestAppointment"/>
  <testcase name="testAppointmentPut" time="0.071" classname="com.test.TestAppointment">
    <failure type="java.lang.AssertionError" message="Updating Appointments details failed.... expected [8009] but found [Rest Appt Updated]">
      <![CDATA[java.lang.AssertionError: Updating Appointments details failed.... expected [8009] but found [Rest Appt Updated]
	at com.test.TestAppointment.testAppointmentPut(TestAppointment.java:134)
	at execution.Execution.execute(Execution.java:55)
	at execution.ExecuteSuite.main(ExecuteSuite.java:10)
... Removed 25 stack frames]]>
    </failure>
  </testcase> <!-- testAppointmentPut -->
  <testcase name="testAppointmentDelete" time="0.045" classname="com.test.TestAppointment"/>
  <testcase name="testTaskPost" time="0.038" classname="com.test.TestTask"/>
  <testcase name="testTaskGet" time="0.029" classname="com.test.TestTask"/>
  <testcase name="testTaskPut" time="0.061" classname="com.test.TestTask"/>
  <testcase name="testTaskDelete" time="0.058" classname="com.test.TestTask"/>
  <testcase name="testDocumentPost" time="0.051" classname="com.test.TestDocument"/>
  <testcase name="testDocumentGet" time="0.022" classname="com.test.TestDocument">
    <failure type="java.lang.AssertionError" message="Getting Documents details failed.... expected [FOLDER] but found [Test1]">
      <![CDATA[java.lang.AssertionError: Getting Documents details failed.... expected [FOLDER] but found [Test1]
	at com.test.TestDocument.testDocumentGet(TestDocument.java:88)
	at execution.Execution.execute(Execution.java:55)
	at execution.ExecuteSuite.main(ExecuteSuite.java:10)
... Removed 25 stack frames]]>
    </failure>
  </testcase> <!-- testDocumentGet -->
  <testcase name="testDocumentPut" time="0.07" classname="com.test.TestDocument"/>
  <testcase name="testDocumentDelete" time="0.142" classname="com.test.TestDocument"/>
</testsuite> <!-- TestSuite1 -->
