<?xml version="1.0" encoding="UTF-8"?>
<!-- Generated by org.testng.reporters.JUnitXMLReporter -->
<testsuite hostname="ALPS-PSO4L" name="TestSuite2" tests="5" failures="4" timestamp="28 Jul 2016 07:24:37 GMT" time="2.5" errors="0">
  <testcase name="addComment" time="0.488" classname="com.test.TestComments">
    <failure type="java.io.FileNotFoundException" message="https://api.box.com/2.0/comments">
      <![CDATA[java.io.FileNotFoundException: https://api.box.com/2.0/comments
	at sun.net.www.protocol.http.HttpURLConnection.getInputStream0(Unknown Source)
	at sun.net.www.protocol.http.HttpURLConnection.getInputStream(Unknown Source)
	at sun.net.www.protocol.https.HttpsURLConnectionImpl.getInputStream(Unknown Source)
	at com.connection.ConnectionProvider.getJSONResponse(ConnectionProvider.java:95)
	at com.connection.ConnectionProvider.getJSONResponse(ConnectionProvider.java:140)
	at com.test.TestComments.addComment(TestComments.java:48)
	at execution.Execution.execute(Execution.java:59)
	at execution.ExecuteSuite.main(ExecuteSuite.java:12)
... Removed 21 stack frames]]>
    </failure>
  </testcase> <!-- addComment -->
  <testcase name="updateCommentMessage" time="0.976" classname="com.test.TestComments">
    <failure type="java.io.IOException" message="Server returned HTTP response code: 405 for URL: https://api.box.com/2.0/comments/null">
      <![CDATA[java.io.IOException: Server returned HTTP response code: 405 for URL: https://api.box.com/2.0/comments/null
	at sun.net.www.protocol.http.HttpURLConnection.getInputStream0(Unknown Source)
	at sun.net.www.protocol.http.HttpURLConnection.getInputStream(Unknown Source)
	at sun.net.www.protocol.https.HttpsURLConnectionImpl.getInputStream(Unknown Source)
	at com.connection.ConnectionProvider.getJSONResponse(ConnectionProvider.java:95)
	at com.connection.ConnectionProvider.getJSONResponse(ConnectionProvider.java:140)
	at com.test.TestComments.updateCommentMessage(TestComments.java:99)
	at execution.Execution.execute(Execution.java:59)
	at execution.ExecuteSuite.main(ExecuteSuite.java:12)
... Removed 21 stack frames]]>
    </failure>
  </testcase> <!-- updateCommentMessage -->
  <testcase name="getInformationAboutComment" time="0.0" classname="com.test.TestComments">
    <failure type="java.lang.AssertionError" message="Comment id is required">
      <![CDATA[java.lang.AssertionError: Comment id is required
	at com.test.TestComments.getInformationAboutComment(TestComments.java:130)
	at execution.Execution.execute(Execution.java:59)
	at execution.ExecuteSuite.main(ExecuteSuite.java:12)
... Removed 21 stack frames]]>
    </failure>
  </testcase> <!-- getInformationAboutComment -->
  <testcase name="deleteCommentWithId" time="0.001" classname="com.test.TestComments">
    <failure type="java.lang.AssertionError" message="Comment id is required">
      <![CDATA[java.lang.AssertionError: Comment id is required
	at com.test.TestComments.deleteCommentWithId(TestComments.java:160)
	at execution.Execution.execute(Execution.java:59)
	at execution.ExecuteSuite.main(ExecuteSuite.java:12)
... Removed 21 stack frames]]>
    </failure>
  </testcase> <!-- deleteCommentWithId -->
  <testcase name="searchScript" time="1.032" classname="com.test.TestSearch"/>
</testsuite> <!-- TestSuite2 -->
