<?xml version="1.0" encoding="UTF-8"?>
<testsuite name="TestSuite" time="0.031" tests="16" errors="0" skipped="0" failures="16">
  <properties>
[...]
</properties>
  <testcase name="testProjectPost" classname="com.test.TestProject" time="0.01">
    <failure message="1" type="java.lang.ArrayIndexOutOfBoundsException">java.lang.ArrayIndexOutOfBoundsException: 1
	at com.test.TestProject.testProjectPost(TestProject.java:35)
</failure>
    <system-out><![CDATA[In OnStart....
14:23:20.469 [main] INFO  ROOT -  <=== test : TestSuite1 : begin ===> 
14:23:20.486 [main] INFO  ROOT -  -- test method : testProjectPost : started --
14:23:20.489 [main] INFO  ROOT - projectEntityType:: null
]]></system-out>
  </testcase>
  <testcase name="testProjectGet" classname="com.test.TestProject" time="0.003">
    <failure type="java.lang.ExceptionInInitializerError:"><![CDATA[java.lang.ExceptionInInitializerError: null
	at com.utility.RestWebService.<clinit>(RestWebService.java:26)
	at com.test.TestProject.testProjectGet(TestProject.java:62)
]]></failure>
    <system-out>14:23:20.494 [main] ERROR ROOT -  -- test method : testProjectPost : Failed --java.lang.ArrayIndexOutOfBoundsException: 1

14:23:20.494 [main] INFO  ROOT -  -- test method : testProjectGet : started --
</system-out>
  </testcase>
  <testcase name="testProjectPut" classname="com.test.TestProject" time="0.005">
    <failure message="2" type="java.lang.ArrayIndexOutOfBoundsException">java.lang.ArrayIndexOutOfBoundsException: 2
	at com.test.TestProject.testProjectPut(TestProject.java:85)
</failure>
    <system-out>14:23:20.501 [main] ERROR ROOT -  -- test method : testProjectGet : Failed --java.lang.ExceptionInInitializerError

14:23:20.501 [main] INFO  ROOT -  -- test method : testProjectPut : started --
</system-out>
  </testcase>
  <testcase name="testProjectDelete" classname="com.test.TestProject" time="0.005">
    <failure message="Could not initialize class com.utility.RestWebService" type="java.lang.NoClassDefFoundError">java.lang.NoClassDefFoundError: Could not initialize class com.utility.RestWebService
	at com.test.TestProject.testProjectDelete(TestProject.java:110)
</failure>
    <system-out>14:23:20.502 [main] ERROR ROOT -  -- test method : testProjectPut : Failed --java.lang.ArrayIndexOutOfBoundsException: 2

14:23:20.502 [main] INFO  ROOT -  -- test method : testProjectDelete : started --
</system-out>
  </testcase>
  <testcase name="testAppointmentPost" classname="com.test.TestAppointment" time="0">
    <failure message="7" type="java.lang.ArrayIndexOutOfBoundsException">java.lang.ArrayIndexOutOfBoundsException: 7
	at com.test.TestAppointment.testAppointmentPost(TestAppointment.java:40)
</failure>
    <system-out>14:23:20.503 [main] ERROR ROOT -  -- test method : testProjectDelete : Failed --java.lang.NoClassDefFoundError: Could not initialize class com.utility.RestWebService

14:23:20.505 [main] INFO  ROOT -  -- test method : testAppointmentPost : started --
</system-out>
  </testcase>
  <testcase name="testAppointmentGet" classname="com.test.TestAppointment" time="0">
    <failure message="Could not initialize class com.utility.RestWebService" type="java.lang.NoClassDefFoundError">java.lang.NoClassDefFoundError: Could not initialize class com.utility.RestWebService
	at com.test.TestAppointment.testAppointmentGet(TestAppointment.java:72)
</failure>
    <system-out>14:23:20.505 [main] ERROR ROOT -  -- test method : testAppointmentPost : Failed --java.lang.ArrayIndexOutOfBoundsException: 7

14:23:20.506 [main] INFO  ROOT -  -- test method : testAppointmentGet : started --
</system-out>
  </testcase>
  <testcase name="testAppointmentPut" classname="com.test.TestAppointment" time="0">
    <failure message="5" type="java.lang.ArrayIndexOutOfBoundsException">java.lang.ArrayIndexOutOfBoundsException: 5
	at com.test.TestAppointment.testAppointmentPut(TestAppointment.java:100)
</failure>
    <system-out>14:23:20.507 [main] ERROR ROOT -  -- test method : testAppointmentGet : Failed --java.lang.NoClassDefFoundError: Could not initialize class com.utility.RestWebService

14:23:20.508 [main] INFO  ROOT -  -- test method : testAppointmentPut : started --
</system-out>
  </testcase>
  <testcase name="testAppointmentDelete" classname="com.test.TestAppointment" time="0">
    <failure message="Could not initialize class com.utility.RestWebService" type="java.lang.NoClassDefFoundError">java.lang.NoClassDefFoundError: Could not initialize class com.utility.RestWebService
	at com.test.TestAppointment.testAppointmentDelete(TestAppointment.java:124)
</failure>
    <system-out>14:23:20.509 [main] ERROR ROOT -  -- test method : testAppointmentPut : Failed --java.lang.ArrayIndexOutOfBoundsException: 5

14:23:20.509 [main] INFO  ROOT -  -- test method : testAppointmentDelete : started --
14:23:20.509 [main] INFO  ROOT - primaryKey :: null
</system-out>
  </testcase>
  <testcase name="testTaskPost" classname="com.test.TestTask" time="0">
    <failure message="8" type="java.lang.ArrayIndexOutOfBoundsException">java.lang.ArrayIndexOutOfBoundsException: 8
	at com.test.TestTask.testTaskPost(TestTask.java:28)
</failure>
    <system-out>14:23:20.510 [main] ERROR ROOT -  -- test method : testAppointmentDelete : Failed --java.lang.NoClassDefFoundError: Could not initialize class com.utility.RestWebService

14:23:20.511 [main] INFO  ROOT -  -- test method : testTaskPost : started --
</system-out>
  </testcase>
  <testcase name="testTaskGet" classname="com.test.TestTask" time="0">
    <failure message="Could not initialize class com.utility.RestWebService" type="java.lang.NoClassDefFoundError">java.lang.NoClassDefFoundError: Could not initialize class com.utility.RestWebService
	at com.test.TestTask.testTaskGet(TestTask.java:53)
</failure>
    <system-out>14:23:20.511 [main] ERROR ROOT -  -- test method : testTaskPost : Failed --java.lang.ArrayIndexOutOfBoundsException: 8

14:23:20.512 [main] INFO  ROOT -  -- test method : testTaskGet : started --
</system-out>
  </testcase>
  <testcase name="testTaskPut" classname="com.test.TestTask" time="0.001">
    <failure message="9" type="java.lang.ArrayIndexOutOfBoundsException">java.lang.ArrayIndexOutOfBoundsException: 9
	at com.test.TestTask.testTaskPut(TestTask.java:74)
</failure>
    <system-out>14:23:20.513 [main] ERROR ROOT -  -- test method : testTaskGet : Failed --java.lang.NoClassDefFoundError: Could not initialize class com.utility.RestWebService

14:23:20.514 [main] INFO  ROOT -  -- test method : testTaskPut : started --
</system-out>
  </testcase>
  <testcase name="testTaskDelete" classname="com.test.TestTask" time="0.006">
    <failure message="Could not initialize class com.utility.RestWebService" type="java.lang.NoClassDefFoundError">java.lang.NoClassDefFoundError: Could not initialize class com.utility.RestWebService
	at com.test.TestTask.testTaskDelete(TestTask.java:99)
</failure>
    <system-out>14:23:20.514 [main] ERROR ROOT -  -- test method : testTaskPut : Failed --java.lang.ArrayIndexOutOfBoundsException: 9

14:23:20.515 [main] INFO  ROOT -  -- test method : testTaskDelete : started --
</system-out>
  </testcase>
  <testcase name="testDocumentPost" classname="com.test.TestDocument" time="0">
    <failure message="10" type="java.lang.ArrayIndexOutOfBoundsException">java.lang.ArrayIndexOutOfBoundsException: 10
	at com.test.TestDocument.testDocumentPost(TestDocument.java:37)
</failure>
    <system-out>14:23:20.516 [main] ERROR ROOT -  -- test method : testTaskDelete : Failed --java.lang.NoClassDefFoundError: Could not initialize class com.utility.RestWebService

14:23:20.516 [main] INFO  ROOT -  -- test method : testDocumentPost : started --
</system-out>
  </testcase>
  <testcase name="testDocumentGet" classname="com.test.TestDocument" time="0">
    <failure message="Could not initialize class com.utility.RestWebService" type="java.lang.NoClassDefFoundError">java.lang.NoClassDefFoundError: Could not initialize class com.utility.RestWebService
	at com.test.TestDocument.testDocumentGet(TestDocument.java:65)
</failure>
    <system-out>14:23:20.517 [main] ERROR ROOT -  -- test method : testDocumentPost : Failed --java.lang.ArrayIndexOutOfBoundsException: 10

14:23:20.517 [main] INFO  ROOT -  -- test method : testDocumentGet : started --
</system-out>
  </testcase>
  <testcase name="testDocumentPut" classname="com.test.TestDocument" time="0">
    <failure message="12" type="java.lang.ArrayIndexOutOfBoundsException">java.lang.ArrayIndexOutOfBoundsException: 12
	at com.test.TestDocument.testDocumentPut(TestDocument.java:84)
</failure>
    <system-out>14:23:20.520 [main] ERROR ROOT -  -- test method : testDocumentGet : Failed --java.lang.NoClassDefFoundError: Could not initialize class com.utility.RestWebService

14:23:20.521 [main] INFO  ROOT -  -- test method : testDocumentPut : started --
</system-out>
  </testcase>
  <testcase name="testDocumentDelete" classname="com.test.TestDocument" time="0.001">
    <failure message="Could not initialize class com.utility.RestWebService" type="java.lang.NoClassDefFoundError">java.lang.NoClassDefFoundError: Could not initialize class com.utility.RestWebService
	at com.test.TestDocument.testDocumentDelete(TestDocument.java:109)
</failure>
    <system-out>14:23:20.521 [main] ERROR ROOT -  -- test method : testDocumentPut : Failed --java.lang.ArrayIndexOutOfBoundsException: 12

14:23:20.522 [main] INFO  ROOT -  -- test method : testDocumentDelete : started --
</system-out>
  </testcase>
</testsuite>