<?xml version="1.0" encoding="UTF-8"?>
<testsuite name="TestSuite1"
           tests="4"
           failures="0"
           errors="0"
           skipped="0"
           time="0.191">
  <properties />
  
  
            <testcase name="testTaskPost" time="0.060" classname="com.test.TestTasks" />
                <testcase name="testTaskPut" time="0.060" classname="com.test.TestTasks" />
                <testcase name="testTaskDelete" time="0.050" classname="com.test.TestTasks" />
                <testcase name="testTaskGet" time="0.021" classname="com.test.TestTasks" />
      
</testsuite>
