<?xml version="1.0" encoding="UTF-8"?>
<testsuite name="TestSuite1"
           tests="4"
           failures="0"
           errors="0"
           skipped="0"
           time="0.209">
  <properties />
  
  
            <testcase name="testTaskPost" time="0.062" classname="com.restWebService.TestTasks" />
                <testcase name="testTaskGet" time="0.019" classname="com.restWebService.TestTasks" />
                <testcase name="testTaskDelete" time="0.056" classname="com.restWebService.TestTasks" />
                <testcase name="testTaskPut" time="0.072" classname="com.restWebService.TestTasks" />
      
</testsuite>
