<?xml version="1.0" encoding="UTF-8"?>
<testsuite name="TestSuite1"
           tests="4"
           failures="0"
           errors="0"
           skipped="0"
           time="0.300">
  <properties />
  
  
            <testcase name="testAppointmentPut" time="0.060" classname="com.test.TestAppointments" />
                <testcase name="testAppointmentGet" time="0.040" classname="com.test.TestAppointments" />
                <testcase name="testAppointmentDelete" time="0.080" classname="com.test.TestAppointments" />
                <testcase name="testAppointmentPost" time="0.120" classname="com.test.TestAppointments" />
      
</testsuite>
