<?xml version="1.0" encoding="UTF-8"?>
<testsuite name="TestSuite1"
           tests="4"
           failures="0"
           errors="0"
           skipped="0"
           time="0.866">
  <properties />
  
  
            <testcase name="testProjectGet" time="0.037" classname="com.restWebService.TestProjects" />
                <testcase name="testProjectPut" time="0.151" classname="com.restWebService.TestProjects" />
                <testcase name="testProjectDelete" time="0.235" classname="com.restWebService.TestProjects" />
                <testcase name="testProjectPost" time="0.443" classname="com.restWebService.TestProjects" />
      
</testsuite>
