<?xml version="1.0" encoding="UTF-8"?>
<testsuite name="TestSuite1"
           tests="4"
           failures="0"
           errors="0"
           skipped="0"
           time="0.931">
  <properties />
  
  
            <testcase name="testProjectPost" time="0.511" classname="com.test.TestProjects" />
                <testcase name="testProjectGet" time="0.050" classname="com.test.TestProjects" />
                <testcase name="testProjectDelete" time="0.240" classname="com.test.TestProjects" />
                <testcase name="testProjectPut" time="0.130" classname="com.test.TestProjects" />
      
</testsuite>
