<?xml version="1.0" encoding="UTF-8"?>
<testsuite name="TestSuite1"
           tests="4"
           failures="0"
           errors="0"
           skipped="0"
           time="0.281">
  <properties />
  
  
            <testcase name="testAppointmentGet" time="0.027" classname="com.restWebService.TestAppointments" />
                <testcase name="testAppointmentPost" time="0.064" classname="com.restWebService.TestAppointments" />
                <testcase name="testAppointmentPut" time="0.069" classname="com.restWebService.TestAppointments" />
                <testcase name="testAppointmentDelete" time="0.121" classname="com.restWebService.TestAppointments" />
      
</testsuite>
